<?xml version="1.0" encoding="UTF-8"?>
<!-- Generated by org.testng.reporters.JUnitReportReporter -->
<testsuite hostname="kavya" failures="0" tests="1" name="scripts.Testcase3" time="0.014" errors="0" timestamp="2022-08-28T11:59:05 IST" skipped="0">
  <testcase classname="scripts.Testcase3" name="tc4" time="0.014"/>
  <system-out>
    <![CDATA[hello maven project]]>
  </system-out>
</testsuite> <!-- scripts.Testcase3 -->
