<?xml version="1.0" encoding="UTF-8"?>
<!-- Generated by org.testng.reporters.JUnitReportReporter -->
<testsuite hostname="kavya" failures="0" tests="1" name="scripts.Testcase2" time="0.001" errors="0" timestamp="2022-08-28T11:59:05 IST" skipped="0">
  <testcase classname="scripts.Testcase2" name="tc3" time="0.001"/>
  <system-out>
    <![CDATA[hello python]]>
  </system-out>
</testsuite> <!-- scripts.Testcase2 -->
