<?xml version="1.0" encoding="UTF-8"?>
<!-- Generated by org.testng.reporters.JUnitReportReporter -->
<testsuite hostname="kavya" failures="0" tests="1" name="scripts.Testcase0" time="0.002" errors="0" timestamp="2022-08-28T11:59:05 IST" skipped="0">
  <testcase classname="scripts.Testcase0" name="tc1" time="0.002"/>
  <system-out>
    <![CDATA[hello java]]>
  </system-out>
</testsuite> <!-- scripts.Testcase0 -->
